<?xml version="1.0" encoding="UTF-8"?>
<testsuite name="readandsort.TestReadAndSort" tests="4" skipped="0" failures="0" errors="0" timestamp="2023-05-16T21:17:20" hostname="InjunuicBookPro" time="0.058">
  <properties/>
  <testcase name="testThreadCount()" classname="readandsort.TestReadAndSort" time="0.025"/>
  <testcase name="testNonexistentFile()" classname="readandsort.TestReadAndSort" time="0.012"/>
  <testcase name="testPartitionCount()" classname="readandsort.TestReadAndSort" time="0.01"/>
  <testcase name="testReadAndSort()" classname="readandsort.TestReadAndSort" time="0.008"/>
  <system-out><![CDATA[]]></system-out>
  <system-err><![CDATA[]]></system-err>
</testsuite>
